ERROR - 2022-08-02 09:38:51 --> Table 'webdesa.artike' doesn't exist
CRITICAL - 2022-08-02 09:38:51 --> Table 'webdesa.artike' doesn't exist
in SYSTEMPATH\Database\MySQLi\Connection.php on line 292.
 1 SYSTEMPATH\Database\MySQLi\Connection.php(292): mysqli->query('SELECT *
FROM `artike`', 0)
 2 SYSTEMPATH\Database\BaseConnection.php(695): CodeIgniter\Database\MySQLi\Connection->execute('SELECT *
FROM `artike`')
 3 SYSTEMPATH\Database\BaseConnection.php(609): CodeIgniter\Database\BaseConnection->simpleQuery('SELECT *
FROM `artike`')
 4 SYSTEMPATH\Database\BaseBuilder.php(1585): CodeIgniter\Database\BaseConnection->query('SELECT *
FROM `artike`', [], false)
 5 SYSTEMPATH\Model.php(222): CodeIgniter\Database\BaseBuilder->get()
 6 SYSTEMPATH\BaseModel.php(584): CodeIgniter\Model->doFindAll(0, 0)
 7 APPPATH\Controllers\Home.php(14): CodeIgniter\BaseModel->findAll()
 8 SYSTEMPATH\CodeIgniter.php(896): App\Controllers\Home->index()
 9 SYSTEMPATH\CodeIgniter.php(466): CodeIgniter\CodeIgniter->runController(Object(App\Controllers\Home))
10 SYSTEMPATH\CodeIgniter.php(349): CodeIgniter\CodeIgniter->handleRequest(null, Object(Config\Cache), false)
11 FCPATH\index.php(55): CodeIgniter\CodeIgniter->run()
12 SYSTEMPATH\Commands\Server\rewrite.php(43): require_once('FCPATH\\index.php')
CRITICAL - 2022-08-02 09:39:21 --> Undefined variable: artikel
in APPPATH\Views\home.php on line 92.
 1 APPPATH\Views\home.php(92): CodeIgniter\Debug\Exceptions->errorHandler(8, 'Undefined variable: artikel', 'APPPATH\\Views\\home.php', 92, [])
 2 SYSTEMPATH\View\View.php(213): include('APPPATH\\Views\\home.php')
 3 SYSTEMPATH\View\View.php(216): CodeIgniter\View\View->CodeIgniter\View\{closure}()
 4 SYSTEMPATH\Common.php(1135): CodeIgniter\View\View->render('home', [], true)
 5 APPPATH\Controllers\Home.php(19): view('home')
 6 SYSTEMPATH\CodeIgniter.php(896): App\Controllers\Home->index()
 7 SYSTEMPATH\CodeIgniter.php(466): CodeIgniter\CodeIgniter->runController(Object(App\Controllers\Home))
 8 SYSTEMPATH\CodeIgniter.php(349): CodeIgniter\CodeIgniter->handleRequest(null, Object(Config\Cache), false)
 9 FCPATH\index.php(55): CodeIgniter\CodeIgniter->run()
10 SYSTEMPATH\Commands\Server\rewrite.php(43): require_once('FCPATH\\index.php')
CRITICAL - 2022-08-02 09:41:25 --> Undefined variable: artikel
in APPPATH\Views\home.php on line 92.
 1 APPPATH\Views\home.php(92): CodeIgniter\Debug\Exceptions->errorHandler(8, 'Undefined variable: artikel', 'APPPATH\\Views\\home.php', 92, [])
 2 SYSTEMPATH\View\View.php(213): include('APPPATH\\Views\\home.php')
 3 SYSTEMPATH\View\View.php(216): CodeIgniter\View\View->CodeIgniter\View\{closure}()
 4 SYSTEMPATH\Common.php(1135): CodeIgniter\View\View->render('home', [], true)
 5 APPPATH\Controllers\Home.php(19): view('home', [...])
 6 SYSTEMPATH\CodeIgniter.php(896): App\Controllers\Home->index()
 7 SYSTEMPATH\CodeIgniter.php(466): CodeIgniter\CodeIgniter->runController(Object(App\Controllers\Home))
 8 SYSTEMPATH\CodeIgniter.php(349): CodeIgniter\CodeIgniter->handleRequest(null, Object(Config\Cache), false)
 9 FCPATH\index.php(55): CodeIgniter\CodeIgniter->run()
10 SYSTEMPATH\Commands\Server\rewrite.php(43): require_once('FCPATH\\index.php')
CRITICAL - 2022-08-02 09:41:33 --> Undefined variable: artikel
in APPPATH\Views\home.php on line 92.
 1 APPPATH\Views\home.php(92): CodeIgniter\Debug\Exceptions->errorHandler(8, 'Undefined variable: artikel', 'APPPATH\\Views\\home.php', 92, [])
 2 SYSTEMPATH\View\View.php(213): include('APPPATH\\Views\\home.php')
 3 SYSTEMPATH\View\View.php(216): CodeIgniter\View\View->CodeIgniter\View\{closure}()
 4 SYSTEMPATH\Common.php(1135): CodeIgniter\View\View->render('home', [], true)
 5 APPPATH\Controllers\Home.php(19): view('home', [...])
 6 SYSTEMPATH\CodeIgniter.php(896): App\Controllers\Home->index()
 7 SYSTEMPATH\CodeIgniter.php(466): CodeIgniter\CodeIgniter->runController(Object(App\Controllers\Home))
 8 SYSTEMPATH\CodeIgniter.php(349): CodeIgniter\CodeIgniter->handleRequest(null, Object(Config\Cache), false)
 9 FCPATH\index.php(55): CodeIgniter\CodeIgniter->run()
10 SYSTEMPATH\Commands\Server\rewrite.php(43): require_once('FCPATH\\index.php')
CRITICAL - 2022-08-02 11:12:27 --> Invalid file: Admin/edit_artikel.php
in SYSTEMPATH\Exceptions\FrameworkException.php on line 33.
 1 SYSTEMPATH\View\View.php(201): CodeIgniter\Exceptions\FrameworkException::forInvalidFile('Admin/edit_artikel.php')
 2 SYSTEMPATH\Common.php(1135): CodeIgniter\View\View->render('Admin/edit_artikel', [], true)
 3 APPPATH\Controllers\Admin.php(33): view('Admin/edit_artikel', [...])
 4 SYSTEMPATH\CodeIgniter.php(896): App\Controllers\Admin->edit('1')
 5 SYSTEMPATH\CodeIgniter.php(466): CodeIgniter\CodeIgniter->runController(Object(App\Controllers\Admin))
 6 SYSTEMPATH\CodeIgniter.php(349): CodeIgniter\CodeIgniter->handleRequest(null, Object(Config\Cache), false)
 7 FCPATH\index.php(55): CodeIgniter\CodeIgniter->run()
 8 SYSTEMPATH\Commands\Server\rewrite.php(43): require_once('FCPATH\\index.php')
CRITICAL - 2022-08-02 11:27:48 --> There is no data to update.
in SYSTEMPATH\BaseModel.php on line 846.
 1 SYSTEMPATH\BaseModel.php(846): CodeIgniter\Database\Exceptions\DataException::forEmptyDataset('update')
 2 SYSTEMPATH\Model.php(692): CodeIgniter\BaseModel->update([...], [])
 3 APPPATH\Controllers\Admin.php(36): CodeIgniter\Model->update('1', [...])
 4 SYSTEMPATH\CodeIgniter.php(896): App\Controllers\Admin->update('1')
 5 SYSTEMPATH\CodeIgniter.php(466): CodeIgniter\CodeIgniter->runController(Object(App\Controllers\Admin))
 6 SYSTEMPATH\CodeIgniter.php(349): CodeIgniter\CodeIgniter->handleRequest(null, Object(Config\Cache), false)
 7 FCPATH\index.php(55): CodeIgniter\CodeIgniter->run()
 8 SYSTEMPATH\Commands\Server\rewrite.php(43): require_once('FCPATH\\index.php')
CRITICAL - 2022-08-02 11:34:08 --> There is no data to update.
in SYSTEMPATH\BaseModel.php on line 1576.
 1 SYSTEMPATH\BaseModel.php(1576): CodeIgniter\Database\Exceptions\DataException::forEmptyDataset('update')
 2 SYSTEMPATH\BaseModel.php(832): CodeIgniter\BaseModel->transformDataToArray([], 'update')
 3 SYSTEMPATH\Model.php(692): CodeIgniter\BaseModel->update([...], [])
 4 APPPATH\Controllers\Admin.php(36): CodeIgniter\Model->update('1', [])
 5 SYSTEMPATH\CodeIgniter.php(896): App\Controllers\Admin->update('1')
 6 SYSTEMPATH\CodeIgniter.php(466): CodeIgniter\CodeIgniter->runController(Object(App\Controllers\Admin))
 7 SYSTEMPATH\CodeIgniter.php(349): CodeIgniter\CodeIgniter->handleRequest(null, Object(Config\Cache), false)
 8 FCPATH\index.php(55): CodeIgniter\CodeIgniter->run()
 9 SYSTEMPATH\Commands\Server\rewrite.php(43): require_once('FCPATH\\index.php')
CRITICAL - 2022-08-02 11:52:48 --> Undefined property: App\Controllers\Admin::$m_Artikel
in APPPATH\Controllers\Admin.php on line 44.
 1 APPPATH\Controllers\Admin.php(44): CodeIgniter\Debug\Exceptions->errorHandler(8, 'Undefined property: App\\Controllers\\Admin::$m_Artikel', 'APPPATH\\Controllers\\Admin.php', 44, [...])
 2 SYSTEMPATH\CodeIgniter.php(896): App\Controllers\Admin->save()
 3 SYSTEMPATH\CodeIgniter.php(466): CodeIgniter\CodeIgniter->runController(Object(App\Controllers\Admin))
 4 SYSTEMPATH\CodeIgniter.php(349): CodeIgniter\CodeIgniter->handleRequest(null, Object(Config\Cache), false)
 5 FCPATH\index.php(55): CodeIgniter\CodeIgniter->run()
 6 SYSTEMPATH\Commands\Server\rewrite.php(43): require_once('FCPATH\\index.php')
CRITICAL - 2022-08-02 12:06:08 --> Trying to access array offset on value of type null
in APPPATH\Views\Admin\edit_artikel.php on line 68.
 1 APPPATH\Views\Admin\edit_artikel.php(68): CodeIgniter\Debug\Exceptions->errorHandler(8, 'Trying to access array offset on value of type null', 'APPPATH\\Views\\Admin\\edit_artikel.php', 68, [...])
 2 SYSTEMPATH\View\View.php(213): include('APPPATH\\Views\\Admin\\edit_artikel.php')
 3 SYSTEMPATH\View\View.php(216): CodeIgniter\View\View->CodeIgniter\View\{closure}()
 4 SYSTEMPATH\Common.php(1135): CodeIgniter\View\View->render('Admin/edit_artikel', [], true)
 5 APPPATH\Controllers\Admin.php(32): view('Admin/edit_artikel', [...])
 6 SYSTEMPATH\CodeIgniter.php(896): App\Controllers\Admin->edit('tes4')
 7 SYSTEMPATH\CodeIgniter.php(466): CodeIgniter\CodeIgniter->runController(Object(App\Controllers\Admin))
 8 SYSTEMPATH\CodeIgniter.php(349): CodeIgniter\CodeIgniter->handleRequest(null, Object(Config\Cache), false)
 9 FCPATH\index.php(55): CodeIgniter\CodeIgniter->run()
10 SYSTEMPATH\Commands\Server\rewrite.php(43): require_once('FCPATH\\index.php')
CRITICAL - 2022-08-02 12:06:40 --> Trying to access array offset on value of type null
in APPPATH\Views\Admin\edit_artikel.php on line 68.
 1 APPPATH\Views\Admin\edit_artikel.php(68): CodeIgniter\Debug\Exceptions->errorHandler(8, 'Trying to access array offset on value of type null', 'APPPATH\\Views\\Admin\\edit_artikel.php', 68, [...])
 2 SYSTEMPATH\View\View.php(213): include('APPPATH\\Views\\Admin\\edit_artikel.php')
 3 SYSTEMPATH\View\View.php(216): CodeIgniter\View\View->CodeIgniter\View\{closure}()
 4 SYSTEMPATH\Common.php(1135): CodeIgniter\View\View->render('Admin/edit_artikel', [], true)
 5 APPPATH\Controllers\Admin.php(32): view('Admin/edit_artikel', [...])
 6 SYSTEMPATH\CodeIgniter.php(896): App\Controllers\Admin->edit('tes4')
 7 SYSTEMPATH\CodeIgniter.php(466): CodeIgniter\CodeIgniter->runController(Object(App\Controllers\Admin))
 8 SYSTEMPATH\CodeIgniter.php(349): CodeIgniter\CodeIgniter->handleRequest(null, Object(Config\Cache), false)
 9 FCPATH\index.php(55): CodeIgniter\CodeIgniter->run()
10 SYSTEMPATH\Commands\Server\rewrite.php(43): require_once('FCPATH\\index.php')
CRITICAL - 2022-08-02 12:07:38 --> Trying to access array offset on value of type null
in APPPATH\Views\Admin\edit_artikel.php on line 68.
 1 APPPATH\Views\Admin\edit_artikel.php(68): CodeIgniter\Debug\Exceptions->errorHandler(8, 'Trying to access array offset on value of type null', 'APPPATH\\Views\\Admin\\edit_artikel.php', 68, [...])
 2 SYSTEMPATH\View\View.php(213): include('APPPATH\\Views\\Admin\\edit_artikel.php')
 3 SYSTEMPATH\View\View.php(216): CodeIgniter\View\View->CodeIgniter\View\{closure}()
 4 SYSTEMPATH\Common.php(1135): CodeIgniter\View\View->render('Admin/edit_artikel', [], true)
 5 APPPATH\Controllers\Admin.php(32): view('Admin/edit_artikel', [...])
 6 SYSTEMPATH\CodeIgniter.php(896): App\Controllers\Admin->edit('tes4')
 7 SYSTEMPATH\CodeIgniter.php(466): CodeIgniter\CodeIgniter->runController(Object(App\Controllers\Admin))
 8 SYSTEMPATH\CodeIgniter.php(349): CodeIgniter\CodeIgniter->handleRequest(null, Object(Config\Cache), false)
 9 FCPATH\index.php(55): CodeIgniter\CodeIgniter->run()
10 SYSTEMPATH\Commands\Server\rewrite.php(43): require_once('FCPATH\\index.php')
CRITICAL - 2022-08-02 12:07:41 --> Trying to access array offset on value of type null
in APPPATH\Views\Admin\edit_artikel.php on line 68.
 1 APPPATH\Views\Admin\edit_artikel.php(68): CodeIgniter\Debug\Exceptions->errorHandler(8, 'Trying to access array offset on value of type null', 'APPPATH\\Views\\Admin\\edit_artikel.php', 68, [...])
 2 SYSTEMPATH\View\View.php(213): include('APPPATH\\Views\\Admin\\edit_artikel.php')
 3 SYSTEMPATH\View\View.php(216): CodeIgniter\View\View->CodeIgniter\View\{closure}()
 4 SYSTEMPATH\Common.php(1135): CodeIgniter\View\View->render('Admin/edit_artikel', [], true)
 5 APPPATH\Controllers\Admin.php(32): view('Admin/edit_artikel', [...])
 6 SYSTEMPATH\CodeIgniter.php(896): App\Controllers\Admin->edit('tes4')
 7 SYSTEMPATH\CodeIgniter.php(466): CodeIgniter\CodeIgniter->runController(Object(App\Controllers\Admin))
 8 SYSTEMPATH\CodeIgniter.php(349): CodeIgniter\CodeIgniter->handleRequest(null, Object(Config\Cache), false)
 9 FCPATH\index.php(55): CodeIgniter\CodeIgniter->run()
10 SYSTEMPATH\Commands\Server\rewrite.php(43): require_once('FCPATH\\index.php')
CRITICAL - 2022-08-02 12:14:15 --> Argument 1 passed to url_title() must be of the type string, null given, called in C:\xampp\htdocs\WebDesa\app\Controllers\Admin.php on line 37
in SYSTEMPATH\Helpers\url_helper.php on line 475.
 1 APPPATH\Controllers\Admin.php(37): url_title(null, '-', true)
 2 SYSTEMPATH\CodeIgniter.php(896): App\Controllers\Admin->update('4')
 3 SYSTEMPATH\CodeIgniter.php(466): CodeIgniter\CodeIgniter->runController(Object(App\Controllers\Admin))
 4 SYSTEMPATH\CodeIgniter.php(349): CodeIgniter\CodeIgniter->handleRequest(null, Object(Config\Cache), false)
 5 FCPATH\index.php(55): CodeIgniter\CodeIgniter->run()
 6 SYSTEMPATH\Commands\Server\rewrite.php(43): require_once('FCPATH\\index.php')
CRITICAL - 2022-08-02 12:15:36 --> Argument 1 passed to url_title() must be of the type string, null given, called in C:\xampp\htdocs\WebDesa\app\Controllers\Admin.php on line 37
in SYSTEMPATH\Helpers\url_helper.php on line 475.
 1 APPPATH\Controllers\Admin.php(37): url_title(null, '-', true)
 2 SYSTEMPATH\CodeIgniter.php(896): App\Controllers\Admin->update('4')
 3 SYSTEMPATH\CodeIgniter.php(466): CodeIgniter\CodeIgniter->runController(Object(App\Controllers\Admin))
 4 SYSTEMPATH\CodeIgniter.php(349): CodeIgniter\CodeIgniter->handleRequest(null, Object(Config\Cache), false)
 5 FCPATH\index.php(55): CodeIgniter\CodeIgniter->run()
 6 SYSTEMPATH\Commands\Server\rewrite.php(43): require_once('FCPATH\\index.php')
CRITICAL - 2022-08-02 12:15:49 --> Argument 1 passed to url_title() must be of the type string, null given, called in C:\xampp\htdocs\WebDesa\app\Controllers\Admin.php on line 37
in SYSTEMPATH\Helpers\url_helper.php on line 475.
 1 APPPATH\Controllers\Admin.php(37): url_title(null, '-', true)
 2 SYSTEMPATH\CodeIgniter.php(896): App\Controllers\Admin->update('4')
 3 SYSTEMPATH\CodeIgniter.php(466): CodeIgniter\CodeIgniter->runController(Object(App\Controllers\Admin))
 4 SYSTEMPATH\CodeIgniter.php(349): CodeIgniter\CodeIgniter->handleRequest(null, Object(Config\Cache), false)
 5 FCPATH\index.php(55): CodeIgniter\CodeIgniter->run()
 6 SYSTEMPATH\Commands\Server\rewrite.php(43): require_once('FCPATH\\index.php')
CRITICAL - 2022-08-02 12:44:57 --> Call to a member function getName() on null
in APPPATH\Controllers\Admin.php on line 38.
 1 SYSTEMPATH\CodeIgniter.php(896): App\Controllers\Admin->update('4')
 2 SYSTEMPATH\CodeIgniter.php(466): CodeIgniter\CodeIgniter->runController(Object(App\Controllers\Admin))
 3 SYSTEMPATH\CodeIgniter.php(349): CodeIgniter\CodeIgniter->handleRequest(null, Object(Config\Cache), false)
 4 FCPATH\index.php(55): CodeIgniter\CodeIgniter->run()
 5 SYSTEMPATH\Commands\Server\rewrite.php(43): require_once('FCPATH\\index.php')
CRITICAL - 2022-08-02 12:51:46 --> Trying to access array offset on value of type null
in APPPATH\Views\Admin\edit_artikel.php on line 68.
 1 APPPATH\Views\Admin\edit_artikel.php(68): CodeIgniter\Debug\Exceptions->errorHandler(8, 'Trying to access array offset on value of type null', 'APPPATH\\Views\\Admin\\edit_artikel.php', 68, [...])
 2 SYSTEMPATH\View\View.php(213): include('APPPATH\\Views\\Admin\\edit_artikel.php')
 3 SYSTEMPATH\View\View.php(216): CodeIgniter\View\View->CodeIgniter\View\{closure}()
 4 SYSTEMPATH\Common.php(1135): CodeIgniter\View\View->render('Admin/edit_artikel', [], true)
 5 APPPATH\Controllers\Admin.php(32): view('Admin/edit_artikel', [...])
 6 SYSTEMPATH\CodeIgniter.php(896): App\Controllers\Admin->edit('admin.html')
 7 SYSTEMPATH\CodeIgniter.php(466): CodeIgniter\CodeIgniter->runController(Object(App\Controllers\Admin))
 8 SYSTEMPATH\CodeIgniter.php(349): CodeIgniter\CodeIgniter->handleRequest(null, Object(Config\Cache), false)
 9 FCPATH\index.php(55): CodeIgniter\CodeIgniter->run()
10 SYSTEMPATH\Commands\Server\rewrite.php(43): require_once('FCPATH\\index.php')
CRITICAL - 2022-08-02 12:52:04 --> Trying to access array offset on value of type null
in APPPATH\Views\Admin\edit_artikel.php on line 68.
 1 APPPATH\Views\Admin\edit_artikel.php(68): CodeIgniter\Debug\Exceptions->errorHandler(8, 'Trying to access array offset on value of type null', 'APPPATH\\Views\\Admin\\edit_artikel.php', 68, [...])
 2 SYSTEMPATH\View\View.php(213): include('APPPATH\\Views\\Admin\\edit_artikel.php')
 3 SYSTEMPATH\View\View.php(216): CodeIgniter\View\View->CodeIgniter\View\{closure}()
 4 SYSTEMPATH\Common.php(1135): CodeIgniter\View\View->render('Admin/edit_artikel', [], true)
 5 APPPATH\Controllers\Admin.php(32): view('Admin/edit_artikel', [...])
 6 SYSTEMPATH\CodeIgniter.php(896): App\Controllers\Admin->edit('admin.html')
 7 SYSTEMPATH\CodeIgniter.php(466): CodeIgniter\CodeIgniter->runController(Object(App\Controllers\Admin))
 8 SYSTEMPATH\CodeIgniter.php(349): CodeIgniter\CodeIgniter->handleRequest(null, Object(Config\Cache), false)
 9 FCPATH\index.php(55): CodeIgniter\CodeIgniter->run()
10 SYSTEMPATH\Commands\Server\rewrite.php(43): require_once('FCPATH\\index.php')
CRITICAL - 2022-08-02 12:52:07 --> Trying to access array offset on value of type null
in APPPATH\Views\Admin\edit_artikel.php on line 68.
 1 APPPATH\Views\Admin\edit_artikel.php(68): CodeIgniter\Debug\Exceptions->errorHandler(8, 'Trying to access array offset on value of type null', 'APPPATH\\Views\\Admin\\edit_artikel.php', 68, [...])
 2 SYSTEMPATH\View\View.php(213): include('APPPATH\\Views\\Admin\\edit_artikel.php')
 3 SYSTEMPATH\View\View.php(216): CodeIgniter\View\View->CodeIgniter\View\{closure}()
 4 SYSTEMPATH\Common.php(1135): CodeIgniter\View\View->render('Admin/edit_artikel', [], true)
 5 APPPATH\Controllers\Admin.php(32): view('Admin/edit_artikel', [...])
 6 SYSTEMPATH\CodeIgniter.php(896): App\Controllers\Admin->edit('admin')
 7 SYSTEMPATH\CodeIgniter.php(466): CodeIgniter\CodeIgniter->runController(Object(App\Controllers\Admin))
 8 SYSTEMPATH\CodeIgniter.php(349): CodeIgniter\CodeIgniter->handleRequest(null, Object(Config\Cache), false)
 9 FCPATH\index.php(55): CodeIgniter\CodeIgniter->run()
10 SYSTEMPATH\Commands\Server\rewrite.php(43): require_once('FCPATH\\index.php')
CRITICAL - 2022-08-02 12:52:23 --> Trying to access array offset on value of type null
in APPPATH\Views\Admin\edit_artikel.php on line 68.
 1 APPPATH\Views\Admin\edit_artikel.php(68): CodeIgniter\Debug\Exceptions->errorHandler(8, 'Trying to access array offset on value of type null', 'APPPATH\\Views\\Admin\\edit_artikel.php', 68, [...])
 2 SYSTEMPATH\View\View.php(213): include('APPPATH\\Views\\Admin\\edit_artikel.php')
 3 SYSTEMPATH\View\View.php(216): CodeIgniter\View\View->CodeIgniter\View\{closure}()
 4 SYSTEMPATH\Common.php(1135): CodeIgniter\View\View->render('Admin/edit_artikel', [], true)
 5 APPPATH\Controllers\Admin.php(32): view('Admin/edit_artikel', [...])
 6 SYSTEMPATH\CodeIgniter.php(896): App\Controllers\Admin->edit('admin')
 7 SYSTEMPATH\CodeIgniter.php(466): CodeIgniter\CodeIgniter->runController(Object(App\Controllers\Admin))
 8 SYSTEMPATH\CodeIgniter.php(349): CodeIgniter\CodeIgniter->handleRequest(null, Object(Config\Cache), false)
 9 FCPATH\index.php(55): CodeIgniter\CodeIgniter->run()
10 SYSTEMPATH\Commands\Server\rewrite.php(43): require_once('FCPATH\\index.php')
CRITICAL - 2022-08-02 12:52:35 --> Trying to access array offset on value of type null
in APPPATH\Views\Admin\edit_artikel.php on line 68.
 1 APPPATH\Views\Admin\edit_artikel.php(68): CodeIgniter\Debug\Exceptions->errorHandler(8, 'Trying to access array offset on value of type null', 'APPPATH\\Views\\Admin\\edit_artikel.php', 68, [...])
 2 SYSTEMPATH\View\View.php(213): include('APPPATH\\Views\\Admin\\edit_artikel.php')
 3 SYSTEMPATH\View\View.php(216): CodeIgniter\View\View->CodeIgniter\View\{closure}()
 4 SYSTEMPATH\Common.php(1135): CodeIgniter\View\View->render('Admin/edit_artikel', [], true)
 5 APPPATH\Controllers\Admin.php(32): view('Admin/edit_artikel', [...])
 6 SYSTEMPATH\CodeIgniter.php(896): App\Controllers\Admin->edit('admin')
 7 SYSTEMPATH\CodeIgniter.php(466): CodeIgniter\CodeIgniter->runController(Object(App\Controllers\Admin))
 8 SYSTEMPATH\CodeIgniter.php(349): CodeIgniter\CodeIgniter->handleRequest(null, Object(Config\Cache), false)
 9 FCPATH\index.php(55): CodeIgniter\CodeIgniter->run()
10 SYSTEMPATH\Commands\Server\rewrite.php(43): require_once('FCPATH\\index.php')
